<?xml version="1.0" encoding="UTF-8"?>
<Site BuildName="(empty)"
	BuildStamp="20230704-2223-Experimental"
	Name="luiz-Aspire-5251"
	Generator="ctest-3.16.3"
	CompilerName="/usr/bin/g++"
	CompilerVersion="9.4.0"
	OSName="Linux"
	Hostname="luiz-Aspire-5251"
	OSRelease="5.15.0-75-generic"
	OSVersion="#82~20.04.1-Ubuntu SMP Wed Jun 7 19:37:37 UTC 2023"
	OSPlatform="x86_64"
	Is64Bits="1"
	VendorString="AuthenticAMD"
	VendorID="Advanced Micro Devices"
	FamilyID="16"
	ModelID="5"
	ProcessorCacheSize="512"
	NumberOfLogicalCPU="4"
	NumberOfPhysicalCPU="4"
	TotalVirtualMemory="2047"
	TotalPhysicalMemory="7681"
	LogicalProcessorsPerPhysical="1"
	ProcessorClockFrequency="1800"
	>
	<Testing>
		<StartDateTime>Jul 04 19:23 -03</StartDateTime>
		<StartTestTime>1688509434</StartTestTime>
		<TestList/>
		<EndDateTime>Jul 04 19:23 -03</EndDateTime>
		<EndTestTime>1688509434</EndTestTime>
		<ElapsedMinutes>0</ElapsedMinutes>
	</Testing>
</Site>
